<?xml version="1.0" encoding="UTF-8"?>
<!-- Generated by org.testng.reporters.JUnitReportReporter -->
<testsuite skipped="0" hostname="ZIPLBLRSY191" name="com.testcases.reqres.SimplePutTest" tests="1" failures="0" timestamp="22 Aug 2018 12:41:32 GMT" time="0.673" errors="0">
  <testcase name="validateDelete" time="0.673" classname="com.testcases.reqres.SimplePutTest"/>
</testsuite> <!-- com.testcases.reqres.SimplePutTest -->
