<?xml version="1.0" encoding="UTF-8"?>
<!-- Generated by org.testng.reporters.JUnitReportReporter -->
<testsuite skipped="0" hostname="ZIPLBLRSY191" name="com.testcases.SuccessAuthetication" tests="2" failures="0" timestamp="30 Jul 2018 06:36:32 GMT" time="1.297" errors="0">
  <testcase name="unSuccessFul" time="0.644" classname="com.testcases.SuccessAuthetication"/>
  <testcase name="successFul" time="0.653" classname="com.testcases.SuccessAuthetication"/>
</testsuite> <!-- com.testcases.SuccessAuthetication -->
