<?xml version="1.0" encoding="UTF-8"?>
<!-- Generated by org.testng.reporters.JUnitReportReporter -->
<testsuite skipped="0" hostname="ZIPLBLRSY191" name="com.testcaseszycus.CreateInvoice" tests="1" failures="0" timestamp="02 Aug 2018 08:41:47 GMT" time="1.125" errors="0">
  <testcase name="g" time="1.125" classname="com.testcaseszycus.CreateInvoice"/>
</testsuite> <!-- com.testcaseszycus.CreateInvoice -->
