<?xml version="1.0" encoding="UTF-8"?>
<!-- Generated by org.testng.reporters.JUnitReportReporter -->
<testsuite skipped="0" hostname="ARANJAN-LTW7" name="com.testcases.NewPostCall" tests="2" failures="0" timestamp="22 Jun 2018 09:53:44 GMT" time="3.921" errors="0">
  <testcase name="g" time="0.701" classname="com.testcases.NewPostCall"/>
  <testcase name="f" time="3.220" classname="com.testcases.NewPostCall"/>
</testsuite> <!-- com.testcases.NewPostCall -->
