<?xml version="1.0" encoding="UTF-8"?>
<!-- Generated by org.testng.reporters.JUnitReportReporter -->
<testsuite skipped="0" hostname="ZIPLBLRSY191" name="com.testcases.reqres.SimplePostTest" tests="1" failures="0" timestamp="22 Aug 2018 12:41:32 GMT" time="1.322" errors="0">
  <testcase name="GetWeatherDetails" time="1.322" classname="com.testcases.reqres.SimplePostTest"/>
</testsuite> <!-- com.testcases.reqres.SimplePostTest -->
