<?xml version="1.0" encoding="UTF-8"?>
<!-- Generated by org.testng.reporters.JUnitReportReporter -->
<testsuite skipped="0" hostname="ZIPLBLRSY191" name="com.testcases.SimplePostTest" tests="1" failures="0" timestamp="30 Jul 2018 06:36:32 GMT" time="1.338" errors="0">
  <testcase name="GetWeatherDetails" time="1.338" classname="com.testcases.SimplePostTest"/>
</testsuite> <!-- com.testcases.SimplePostTest -->
