<?xml version="1.0" encoding="UTF-8"?>
<!-- Generated by org.testng.reporters.JUnitReportReporter -->
<testsuite skipped="0" hostname="ARANJAN-LTW7" name="com.testcases.SuccessAuthetication" tests="2" failures="0" timestamp="22 Jun 2018 08:50:05 GMT" time="4.367" errors="0">
  <testcase name="successFul" time="3.676" classname="com.testcases.SuccessAuthetication"/>
  <testcase name="unSuccessFul" time="0.691" classname="com.testcases.SuccessAuthetication"/>
</testsuite> <!-- com.testcases.SuccessAuthetication -->
