<?xml version="1.0" encoding="UTF-8"?>
<!-- Generated by org.testng.reporters.JUnitReportReporter -->
<testsuite skipped="0" hostname="ZIPLBLRSY191" name="com.testcases.GETAPI_PRACTISE" tests="3" failures="0" timestamp="30 Jul 2018 10:52:51 GMT" time="3.110" errors="0">
  <testcase name="getSucess" time="0.485" classname="com.testcases.GETAPI_PRACTISE"/>
  <testcase name="getNotSucess" time="1.759" classname="com.testcases.GETAPI_PRACTISE"/>
  <testcase name="getSucessReturnList" time="0.866" classname="com.testcases.GETAPI_PRACTISE"/>
</testsuite> <!-- com.testcases.GETAPI_PRACTISE -->
