<?xml version="1.0" encoding="UTF-8"?>
<!-- Generated by org.testng.reporters.JUnitReportReporter -->
<testsuite skipped="0" hostname="ZIPLBLRSY191" name="com.testcases.reqres.EINVOICE_12277" tests="1" failures="0" timestamp="10 Sep 2018 04:28:55 GMT" time="0.229" errors="0">
  <testcase name="test1" time="0.229" classname="com.testcases.reqres.EINVOICE_12277"/>
</testsuite> <!-- com.testcases.reqres.EINVOICE_12277 -->
