<?xml version="1.0" encoding="UTF-8"?>
<!-- Generated by org.testng.reporters.JUnitReportReporter -->
<testsuite skipped="0" hostname="ARANJAN-LTW7" name="com.testcases.SimpleGetTest" tests="1" failures="0" timestamp="14 May 2018 08:57:06 GMT" time="3.101" errors="0">
  <testcase name="GetWeatherDetails" time="3.101" classname="com.testcases.SimpleGetTest"/>
</testsuite> <!-- com.testcases.SimpleGetTest -->
