<?xml version="1.0" encoding="UTF-8"?>
<!-- Generated by org.testng.reporters.JUnitReportReporter -->
<testsuite skipped="0" hostname="ZIPLBLRSY191" name="com.db.ProcessDbCall" tests="1" failures="0" timestamp="27 Aug 2018 11:52:17 GMT" time="1.432" errors="0">
  <testcase name="f" time="1.432" classname="com.db.ProcessDbCall"/>
</testsuite> <!-- com.db.ProcessDbCall -->
