<?xml version="1.0" encoding="UTF-8"?>
<!-- Generated by org.testng.reporters.JUnitReportReporter -->
<testsuite skipped="0" hostname="ZIPLBLRSY191" name="com.testcases.reqres.PostCall" tests="2" failures="0" timestamp="23 Aug 2018 05:44:08 GMT" time="2.374" errors="0">
  <testcase name="f" time="1.735" classname="com.testcases.reqres.PostCall"/>
  <testcase name="g" time="0.639" classname="com.testcases.reqres.PostCall"/>
</testsuite> <!-- com.testcases.reqres.PostCall -->
