<?xml version="1.0" encoding="UTF-8"?>
<!-- Generated by org.testng.reporters.JUnitReportReporter -->
<testsuite skipped="0" hostname="ARANJAN-LTW7" name="com.testcases.UnthenticationSuccessful" tests="1" failures="0" timestamp="25 May 2018 08:44:35 GMT" time="3.024" errors="0">
  <testcase name="validateSuccessful" time="3.024" classname="com.testcases.UnthenticationSuccessful"/>
</testsuite> <!-- com.testcases.UnthenticationSuccessful -->
