<?xml version="1.0" encoding="UTF-8"?>
<!-- Generated by org.testng.reporters.JUnitReportReporter -->
<testsuite skipped="0" hostname="ZIPLBLRSY191" name="com.testcases.SimpleDelete" tests="1" failures="0" timestamp="30 Jul 2018 06:36:32 GMT" time="1.562" errors="0">
  <testcase name="validateDelete" time="1.562" classname="com.testcases.SimpleDelete"/>
</testsuite> <!-- com.testcases.SimpleDelete -->
