<?xml version="1.0" encoding="UTF-8"?>
<!-- Generated by org.testng.reporters.JUnitReportReporter -->
<testsuite skipped="0" hostname="ARANJAN-LTW7" name="com.testcases.SimpleGetTest" tests="1" failures="0" timestamp="16 May 2018 14:50:38 GMT" time="2.556" errors="0">
  <testcase name="GetWeatherDetails" time="2.556" classname="com.testcases.SimpleGetTest"/>
</testsuite> <!-- com.testcases.SimpleGetTest -->
