<?xml version="1.0" encoding="UTF-8"?>
<!-- Generated by org.testng.reporters.JUnitReportReporter -->
<testsuite skipped="0" hostname="ZIPLBLRSY191" name="com.testcases.reqres.UnthenticationUnSuccessful" tests="1" failures="0" timestamp="23 Aug 2018 04:10:19 GMT" time="1.920" errors="0">
  <testcase name="validateUnsuccessful" time="1.920" classname="com.testcases.reqres.UnthenticationUnSuccessful"/>
</testsuite> <!-- com.testcases.reqres.UnthenticationUnSuccessful -->
