<?xml version="1.0" encoding="UTF-8"?>
<!-- Generated by org.testng.reporters.JUnitReportReporter -->
<testsuite skipped="0" hostname="ARANJAN-LTW7" name="com.testcases.SimplePutTest" tests="1" failures="0" timestamp="22 Jun 2018 07:22:49 GMT" time="2.608" errors="0">
  <testcase name="validateDelete" time="2.608" classname="com.testcases.SimplePutTest"/>
</testsuite> <!-- com.testcases.SimplePutTest -->
