<?xml version="1.0" encoding="UTF-8"?>
<!-- Generated by org.testng.reporters.JUnitReportReporter -->
<testsuite skipped="0" hostname="ARANJAN-LTW7" name="com.testcases.SimpleDelete" tests="1" failures="0" timestamp="14 May 2018 07:53:44 GMT" time="2.695" errors="0">
  <testcase name="validateDelete" time="2.695" classname="com.testcases.SimpleDelete"/>
</testsuite> <!-- com.testcases.SimpleDelete -->
