<?xml version="1.0" encoding="UTF-8"?>
<!-- Generated by org.testng.reporters.JUnitReportReporter -->
<testsuite skipped="0" hostname="ZIPLBLRSY191" name="com.testcases.UnthenticationSuccessful" tests="1" failures="0" timestamp="30 Jul 2018 06:36:32 GMT" time="0.626" errors="0">
  <testcase name="validateSuccessful" time="0.626" classname="com.testcases.UnthenticationSuccessful"/>
</testsuite> <!-- com.testcases.UnthenticationSuccessful -->
