<?xml version="1.0" encoding="UTF-8"?>
<!-- Generated by org.testng.reporters.JUnitReportReporter -->
<testsuite skipped="0" hostname="ARANJAN-LTW7" name="com.testcases.SimplePostTest" tests="1" failures="0" timestamp="14 May 2018 07:53:44 GMT" time="1.465" errors="0">
  <testcase name="GetWeatherDetails" time="1.465" classname="com.testcases.SimplePostTest"/>
</testsuite> <!-- com.testcases.SimplePostTest -->
