<?xml version="1.0" encoding="UTF-8"?>
<!-- Generated by org.testng.reporters.JUnitReportReporter -->
<testsuite skipped="0" hostname="ZIPLBLRSY191" name="com.testcaseszycus.Fiter_API" tests="1" failures="0" timestamp="06 Aug 2018 09:23:52 GMT" time="1.479" errors="0">
  <testcase name="getFilterAPI" time="1.479" classname="com.testcaseszycus.Fiter_API"/>
</testsuite> <!-- com.testcaseszycus.Fiter_API -->
